\BOOKMARK [-1][-]{part.1}{\376\377\000I\000\040\000T\000i\000m\000e\000\040\000w\000a\000i\000t\000s\000\040\000f\000o\000r\000\040\000n\000o\000\040\000o\000n\000e}{}% 1
\BOOKMARK [0][-]{chapter.1}{\376\377\000U\000n\000d\000e\000r\000s\000t\000a\000n\000d\000i\000n\000g\000\040\000t\000i\000m\000e\000\040\000s\000e\000r\000i\000e\000s\000\040\000f\000o\000r\000e\000c\000a\000s\000t\000i\000n\000g}{part.1}% 2
\BOOKMARK [1][-]{section.1.1}{\376\377\000F\000o\000r\000e\000c\000a\000s\000t\000i\000n\000g\000\040\000t\000h\000e\000\040\000h\000i\000s\000t\000o\000r\000i\000c\000a\000l\000\040\000m\000e\000a\000n}{chapter.1}% 3
\BOOKMARK [2][-]{subsection.1.1.1}{\376\377\000I\000m\000p\000l\000e\000m\000e\000n\000t\000i\000n\000g\000\040\000t\000h\000e\000\040\000h\000i\000s\000t\000o\000r\000i\000c\000a\000l\000\040\000m\000e\000a\000n\000\040\000b\000a\000s\000e\000l\000i\000n\000e}{section.1.1}% 4
\BOOKMARK [0][-]{chapter.2}{\376\377\000G\000o\000i\000n\000g\000\040\000o\000n\000\040\000a\000\040\000r\000a\000n\000d\000o\000m\000\040\000w\000a\000l\000k}{part.1}% 5
\BOOKMARK [1][-]{section.2.1}{\376\377\000I\000d\000e\000n\000t\000i\000f\000y\000i\000n\000g\000\040\000a\000\040\000r\000a\000n\000d\000o\000m\000\040\000w\000a\000l\000k}{chapter.2}% 6
\BOOKMARK [2][-]{subsection.2.1.1}{\376\377\000S\000t\000a\000t\000i\000o\000n\000a\000r\000i\000t\000y}{section.2.1}% 7
\BOOKMARK [1][-]{section.2.2}{\376\377\000F\000o\000r\000e\000c\000a\000s\000t\000i\000n\000g\000\040\000a\000\040\000r\000a\000n\000d\000o\000m\000\040\000w\000a\000l\000k}{chapter.2}% 8
\BOOKMARK [2][-]{subsection.2.2.1}{\376\377\000F\000o\000r\000e\000c\000a\000s\000t\000i\000n\000g\000\040\000o\000n\000\040\000a\000\040\000l\000o\000n\000g\000\040\000h\000o\000r\000i\000z\000o\000n}{section.2.2}% 9
\BOOKMARK [-1][-]{part.2}{\376\377\000I\000I\000\040\000F\000o\000r\000e\000c\000a\000s\000t\000i\000n\000g\000\040\000w\000i\000t\000h\000\040\000s\000t\000a\000t\000i\000s\000t\000i\000c\000a\000l\000\040\000m\000o\000d\000e\000l\000s}{}% 10
\BOOKMARK [0][-]{chapter.3}{\376\377\000M\000o\000d\000e\000l\000i\000n\000g\000\040\000a\000\040\000m\000o\000v\000i\000n\000g\000\040\000a\000v\000e\000r\000a\000g\000e\000\040\000p\000r\000o\000c\000e\000s\000s}{part.2}% 11
\BOOKMARK [1][-]{section.3.1}{\376\377\000D\000e\000f\000i\000n\000i\000n\000g\000\040\000a\000\040\000m\000o\000v\000i\000n\000g\000\040\000a\000v\000e\000r\000a\000g\000e\000\040\000p\000r\000o\000c\000e\000s\000s}{chapter.3}% 12
\BOOKMARK [1][-]{section.3.2}{\376\377\000F\000o\000r\000e\000c\000a\000s\000t\000i\000n\000g\000\040\000a\000\040\000m\000o\000v\000i\000n\000g\000\040\000a\000v\000e\000r\000a\000g\000e\000\040\000p\000r\000o\000c\000e\000s\000s}{chapter.3}% 13
\BOOKMARK [0][-]{chapter.4}{\376\377\000M\000o\000d\000e\000l\000i\000n\000g\000\040\000a\000n\000\040\000a\000u\000t\000o\000r\000e\000g\000r\000e\000s\000s\000i\000v\000e\000\040\000p\000r\000o\000c\000e\000s\000s}{part.2}% 14
\BOOKMARK [0][-]{chapter.5}{\376\377\000M\000o\000d\000e\000l\000i\000n\000g\000\040\000c\000o\000m\000p\000l\000e\000x\000\040\000t\000i\000m\000e\000\040\000s\000e\000r\000i\000e\000s}{part.2}% 15
\BOOKMARK [1][-]{section.5.1}{\376\377\000I\000d\000e\000n\000t\000i\000f\000y\000i\000n\000g\000\040\000a\000\040\000s\000t\000a\000t\000i\000o\000n\000a\000r\000y\000\040\000A\000R\000M\000A\000\040\000p\000r\000o\000c\000e\000s\000s}{chapter.5}% 16
\BOOKMARK [1][-]{section.5.2}{\376\377\000D\000e\000v\000i\000s\000i\000n\000g\000\040\000a\000\040\000g\000e\000n\000e\000r\000a\000l\000\040\000m\000o\000d\000e\000l\000i\000n\000g\000\040\000p\000r\000o\000c\000e\000d\000u\000r\000e}{chapter.5}% 17
\BOOKMARK [2][-]{subsection.5.2.1}{\376\377\000U\000n\000d\000e\000r\000s\000t\000a\000n\000d\000i\000n\000g\000\040\000t\000h\000e\000\040\000A\000k\000a\000i\000k\000e\000\040\000i\000n\000f\000o\000r\000m\000a\000t\000i\000o\000n\000\040\000c\000r\000i\000t\000e\000r\000i\000o\000n\000\040\000\050\000A\000I\000C\000\051}{section.5.2}% 18
\BOOKMARK [2][-]{subsection.5.2.2}{\376\377\000U\000n\000d\000e\000r\000s\000t\000a\000n\000d\000i\000n\000g\000\040\000r\000e\000s\000i\000d\000u\000a\000l\000\040\000a\000n\000a\000l\000y\000s\000i\000s}{section.5.2}% 19
\BOOKMARK [-1][-]{part.3}{\376\377\000I\000I\000I\000\040\000L\000a\000r\000g\000e\000-\000s\000c\000a\000l\000e\000\040\000f\000o\000r\000e\000c\000a\000s\000t\000i\000n\000g\000\040\000w\000i\000t\000h\000\040\000d\000e\000e\000p\000\040\000l\000e\000a\000r\000n\000i\000n\000g}{}% 20
\BOOKMARK [-1][-]{part.4}{\376\377\000I\000V\000\040\000A\000u\000t\000o\000m\000a\000t\000i\000n\000g\000\040\000f\000o\000r\000e\000c\000a\000s\000t\000i\000n\000g\000\040\000a\000t\000\040\000s\000c\000a\000l\000e}{}% 21
